# JRE version: Java(TM) SE Runtime Environment (7.0_55-b13) (build 1.7.0_55-b13)
# Java VM: Java HotSpot(TM) 64-Bit Server VM (24.55-b03 mixed mode bsd-amd64 compressed oops)
Heap
 PSYoungGen      total 233472K, used 218251K [0x00000007eaa80000, 0x0000000800000000, 0x0000000800000000)
  eden space 117248K, 100% used [0x00000007eaa80000,0x00000007f1d00000,0x00000007f1d00000)
  from space 116224K, 86% used [0x00000007f8e80000,0x00000007ff122ee8,0x0000000800000000)
  to   space 116224K, 45% used [0x00000007f1d00000,0x00000007f50eed20,0x00000007f8e80000)
 ParOldGen       total 157696K, used 73916K [0x00000007c0000000, 0x00000007c9a00000, 0x00000007eaa80000)
  object space 157696K, 46% used [0x00000007c0000000,0x00000007c482f298,0x00000007c9a00000)
 PSPermGen       total 118784K, used 67513K [0x00000007b0000000, 0x00000007b7400000, 0x00000007c0000000)
  object space 118784K, 56% used [0x00000007b0000000,0x00000007b41ee720,0x00000007b7400000)
GC Heap History (10 events):
Event: 8598.790 GC heap after
Heap after GC invocations=37 (full 5):
 PSYoungGen      total 246272K, used 41882K [0x00000007eaa80000, 0x00000007ff700000, 0x0000000800000000)
  eden space 163328K, 0% used [0x00000007eaa80000,0x00000007eaa80000,0x00000007f4a00000)
  from space 82944K, 50% used [0x00000007fa600000,0x00000007fcee69c0,0x00000007ff700000)
  to   space 88576K, 0% used [0x00000007f4a00000,0x00000007f4a00000,0x00000007fa080000)
 ParOldGen       total 157696K, used 55634K [0x00000007c0000000, 0x00000007c9a00000, 0x00000007eaa80000)
  object space 157696K, 35% used [0x00000007c0000000,0x00000007c36548a8,0x00000007c9a00000)
 PSPermGen       total 118784K, used 67227K [0x00000007b0000000, 0x00000007b7400000, 0x00000007c0000000)
  object space 118784K, 56% used [0x00000007b0000000,0x00000007b41a6cf0,0x00000007b7400000)
}
Event: 8602.343 GC heap before
{Heap before GC invocations=38 (full 5):
 PSYoungGen      total 246272K, used 205210K [0x00000007eaa80000, 0x00000007ff700000, 0x0000000800000000)
  eden space 163328K, 100% used [0x00000007eaa80000,0x00000007f4a00000,0x00000007f4a00000)
  from space 82944K, 50% used [0x00000007fa600000,0x00000007fcee69c0,0x00000007ff700000)
  to   space 88576K, 0% used [0x00000007f4a00000,0x00000007f4a00000,0x00000007fa080000)
 ParOldGen       total 157696K, used 55634K [0x00000007c0000000, 0x00000007c9a00000, 0x00000007eaa80000)
  object space 157696K, 35% used [0x00000007c0000000,0x00000007c36548a8,0x00000007c9a00000)
 PSPermGen       total 118784K, used 67378K [0x00000007b0000000, 0x00000007b7400000, 0x00000007c0000000)
  object space 118784K, 56% used [0x00000007b0000000,0x00000007b41cca38,0x00000007b7400000)
Event: 8602.362 GC heap after
Heap after GC invocations=38 (full 5):
 PSYoungGen      total 251904K, used 46141K [0x00000007eaa80000, 0x0000000800000000, 0x0000000800000000)
  eden space 163328K, 0% used [0x00000007eaa80000,0x00000007eaa80000,0x00000007f4a00000)
  from space 88576K, 52% used [0x00000007f4a00000,0x00000007f770f688,0x00000007fa080000)
  to   space 86528K, 0% used [0x00000007fab80000,0x00000007fab80000,0x0000000800000000)
 ParOldGen       total 157696K, used 55634K [0x00000007c0000000, 0x00000007c9a00000, 0x00000007eaa80000)
  object space 157696K, 35% used [0x00000007c0000000,0x00000007c36548a8,0x00000007c9a00000)
 PSPermGen       total 118784K, used 67378K [0x00000007b0000000, 0x00000007b7400000, 0x00000007c0000000)
  object space 118784K, 56% used [0x00000007b0000000,0x00000007b41cca38,0x00000007b7400000)
}
Event: 8602.764 GC heap before
{Heap before GC invocations=39 (full 5):
 PSYoungGen      total 251904K, used 209469K [0x00000007eaa80000, 0x0000000800000000, 0x0000000800000000)
  eden space 163328K, 100% used [0x00000007eaa80000,0x00000007f4a00000,0x00000007f4a00000)
  from space 88576K, 52% used [0x00000007f4a00000,0x00000007f770f688,0x00000007fa080000)
  to   space 86528K, 0% used [0x00000007fab80000,0x00000007fab80000,0x0000000800000000)
 ParOldGen       total 157696K, used 55634K [0x00000007c0000000, 0x00000007c9a00000, 0x00000007eaa80000)
  object space 157696K, 35% used [0x00000007c0000000,0x00000007c36548a8,0x00000007c9a00000)
 PSPermGen       total 118784K, used 67385K [0x00000007b0000000, 0x00000007b7400000, 0x00000007c0000000)
  object space 118784K, 56% used [0x00000007b0000000,0x00000007b41ce438,0x00000007b7400000)
Event: 8602.828 GC heap after
Heap after GC invocations=39 (full 5):
 PSYoungGen      total 224256K, used 86501K [0x00000007eaa80000, 0x0000000800000000, 0x0000000800000000)
  eden space 137728K, 0% used [0x00000007eaa80000,0x00000007eaa80000,0x00000007f3100000)
  from space 86528K, 99% used [0x00000007fab80000,0x00000007ffff9430,0x0000000800000000)
  to   space 105984K, 0% used [0x00000007f3100000,0x00000007f3100000,0x00000007f9880000)
 ParOldGen       total 157696K, used 73916K [0x00000007c0000000, 0x00000007c9a00000, 0x00000007eaa80000)
  object space 157696K, 46% used [0x00000007c0000000,0x00000007c482f298,0x00000007c9a00000)
 PSPermGen       total 118784K, used 67385K [0x00000007b0000000, 0x00000007b7400000, 0x00000007c0000000)
  object space 118784K, 56% used [0x00000007b0000000,0x00000007b41ce438,0x00000007b7400000)
}
Event: 8602.995 GC heap before
{Heap before GC invocations=40 (full 5):
 PSYoungGen      total 224256K, used 224229K [0x00000007eaa80000, 0x0000000800000000, 0x0000000800000000)
  eden space 137728K, 100% used [0x00000007eaa80000,0x00000007f3100000,0x00000007f3100000)
  from space 86528K, 99% used [0x00000007fab80000,0x00000007ffff9430,0x0000000800000000)
  to   space 105984K, 0% used [0x00000007f3100000,0x00000007f3100000,0x00000007f9880000)
 ParOldGen       total 157696K, used 73916K [0x00000007c0000000, 0x00000007c9a00000, 0x00000007eaa80000)
  object space 157696K, 46% used [0x00000007c0000000,0x00000007c482f298,0x00000007c9a00000)
 PSPermGen       total 118784K, used 67385K [0x00000007b0000000, 0x00000007b7400000, 0x00000007c0000000)
  object space 118784K, 56% used [0x00000007b0000000,0x00000007b41ce458,0x00000007b7400000)
Event: 8603.030 GC heap after
Heap after GC invocations=40 (full 5):
 PSYoungGen      total 231424K, used 93545K [0x00000007eaa80000, 0x0000000800000000, 0x0000000800000000)
  eden space 137728K, 0% used [0x00000007eaa80000,0x00000007eaa80000,0x00000007f3100000)
  from space 93696K, 99% used [0x00000007f3100000,0x00000007f8c5a530,0x00000007f8c80000)
  to   space 116224K, 0% used [0x00000007f8e80000,0x00000007f8e80000,0x0000000800000000)
 ParOldGen       total 157696K, used 73916K [0x00000007c0000000, 0x00000007c9a00000, 0x00000007eaa80000)
  object space 157696K, 46% used [0x00000007c0000000,0x00000007c482f298,0x00000007c9a00000)
 PSPermGen       total 118784K, used 67385K [0x00000007b0000000, 0x00000007b7400000, 0x00000007c0000000)
  object space 118784K, 56% used [0x00000007b0000000,0x00000007b41ce458,0x00000007b7400000)
}
Event: 8603.476 GC heap before
{Heap before GC invocations=41 (full 5):
 PSYoungGen      total 231424K, used 231273K [0x00000007eaa80000, 0x0000000800000000, 0x0000000800000000)
  eden space 137728K, 100% used [0x00000007eaa80000,0x00000007f3100000,0x00000007f3100000)
  from space 93696K, 99% used [0x00000007f3100000,0x00000007f8c5a530,0x00000007f8c80000)
  to   space 116224K, 0% used [0x00000007f8e80000,0x00000007f8e80000,0x0000000800000000)
 ParOldGen       total 157696K, used 73916K [0x00000007c0000000, 0x00000007c9a00000, 0x00000007eaa80000)
  object space 157696K, 46% used [0x00000007c0000000,0x00000007c482f298,0x00000007c9a00000)
 PSPermGen       total 118784K, used 67388K [0x00000007b0000000, 0x00000007b7400000, 0x00000007c0000000)
  object space 118784K, 56% used [0x00000007b0000000,0x00000007b41cf308,0x00000007b7400000)
Event: 8603.520 GC heap after
Heap after GC invocations=41 (full 5):
 PSYoungGen      total 233472K, used 101003K [0x00000007eaa80000, 0x0000000800000000, 0x0000000800000000)
  eden space 117248K, 0% used [0x00000007eaa80000,0x00000007eaa80000,0x00000007f1d00000)
  from space 116224K, 86% used [0x00000007f8e80000,0x00000007ff122ee8,0x0000000800000000)
  to   space 116224K, 0% used [0x00000007f1d00000,0x00000007f1d00000,0x00000007f8e80000)
 ParOldGen       total 157696K, used 73916K [0x00000007c0000000, 0x00000007c9a00000, 0x00000007eaa80000)
  object space 157696K, 46% used [0x00000007c0000000,0x00000007c482f298,0x00000007c9a00000)
 PSPermGen       total 118784K, used 67388K [0x00000007b0000000, 0x00000007b7400000, 0x00000007c0000000)
  object space 118784K, 56% used [0x00000007b0000000,0x00000007b41cf308,0x00000007b7400000)
}
Event: 8648.743 GC heap before
{Heap before GC invocations=42 (full 5):
 PSYoungGen      total 233472K, used 218251K [0x00000007eaa80000, 0x0000000800000000, 0x0000000800000000)
  eden space 117248K, 100% used [0x00000007eaa80000,0x00000007f1d00000,0x00000007f1d00000)
  from space 116224K, 86% used [0x00000007f8e80000,0x00000007ff122ee8,0x0000000800000000)
  to   space 116224K, 0% used [0x00000007f1d00000,0x00000007f1d00000,0x00000007f8e80000)
 ParOldGen       total 157696K, used 73916K [0x00000007c0000000, 0x00000007c9a00000, 0x00000007eaa80000)
  object space 157696K, 46% used [0x00000007c0000000,0x00000007c482f298,0x00000007c9a00000)
 PSPermGen       total 118784K, used 67513K [0x00000007b0000000, 0x00000007b7400000, 0x00000007c0000000)
  object space 118784K, 56% used [0x00000007b0000000,0x00000007b41ee720,0x00000007b7400000)

